  main.cpp
d:\study\slam\posetracking\posetracking\orbdetector.h(90): warning C4244: “return”: 从“double”转换到“float”，可能丢失数据
d:\study\slam\posetracking\posetracking\main.cpp(8): warning C4305: “参数”: 从“double”到“float”截断
  orbDetector.cpp
d:\study\slam\posetracking\posetracking\orbdetector.h(90): warning C4244: “return”: 从“double”转换到“float”，可能丢失数据
d:\study\slam\posetracking\posetracking\orbdetector.cpp(296): warning C4244: “=”: 从“double”转换到“_Ty”，可能丢失数据
          with
          [
              _Ty=float
          ]
d:\study\slam\posetracking\posetracking\orbdetector.cpp(317): warning C4244: “初始化”: 从“double”转换到“float”，可能丢失数据
d:\study\slam\posetracking\posetracking\orbdetector.cpp(327): warning C4244: “=”: 从“float”转换到“_Ty”，可能丢失数据
          with
          [
              _Ty=int
          ]
d:\study\slam\posetracking\posetracking\orbdetector.cpp(355): warning C4244: “初始化”: 从“float”转换到“int”，可能丢失数据
d:\study\slam\posetracking\posetracking\orbdetector.cpp(356): warning C4244: “初始化”: 从“float”转换到“int”，可能丢失数据
d:\study\slam\posetracking\posetracking\orbdetector.cpp(363): warning C4244: “=”: 从“double”转换到“_Ty”，可能丢失数据
          with
          [
              _Ty=int
          ]
d:\study\slam\posetracking\posetracking\orbdetector.cpp(371): warning C4267: “=”: 从“size_t”转换到“_Ty”，可能丢失数据
          with
          [
              _Ty=int
          ]
d:\study\slam\posetracking\posetracking\orbdetector.cpp(554): warning C4244: “参数”: 从“float”转换到“_Tp”，可能丢失数据
          with
          [
              _Tp=int
          ]
d:\study\slam\posetracking\posetracking\orbdetector.cpp(598): warning C4244: “初始化”: 从“int”转换到“float”，可能丢失数据
d:\study\slam\posetracking\posetracking\orbdetector.cpp(598): warning C4244: “初始化”: 从“int”转换到“const float”，可能丢失数据
d:\study\slam\posetracking\posetracking\orbdetector.cpp(599): warning C4244: “初始化”: 从“int”转换到“float”，可能丢失数据
d:\study\slam\posetracking\posetracking\orbdetector.cpp(599): warning C4244: “初始化”: 从“int”转换到“const float”，可能丢失数据
d:\study\slam\posetracking\posetracking\orbdetector.cpp(602): warning C4244: “初始化”: 从“float”转换到“int”，可能丢失数据
d:\study\slam\posetracking\posetracking\orbdetector.cpp(602): warning C4244: “初始化”: 从“float”转换到“const int”，可能丢失数据
d:\study\slam\posetracking\posetracking\orbdetector.cpp(603): warning C4244: “初始化”: 从“float”转换到“int”，可能丢失数据
d:\study\slam\posetracking\posetracking\orbdetector.cpp(603): warning C4244: “初始化”: 从“float”转换到“const int”，可能丢失数据
d:\study\slam\posetracking\posetracking\orbdetector.cpp(605): warning C4244: “初始化”: 从“float”转换到“int”，可能丢失数据
d:\study\slam\posetracking\posetracking\orbdetector.cpp(605): warning C4244: “初始化”: 从“float”转换到“const int”，可能丢失数据
d:\study\slam\posetracking\posetracking\orbdetector.cpp(606): warning C4244: “初始化”: 从“float”转换到“int”，可能丢失数据
d:\study\slam\posetracking\posetracking\orbdetector.cpp(606): warning C4244: “初始化”: 从“float”转换到“const int”，可能丢失数据
d:\study\slam\posetracking\posetracking\orbdetector.cpp(612): warning C4244: “初始化”: 从“int”转换到“float”，可能丢失数据
d:\study\slam\posetracking\posetracking\orbdetector.cpp(612): warning C4244: “初始化”: 从“int”转换到“const float”，可能丢失数据
d:\study\slam\posetracking\posetracking\orbdetector.cpp(622): warning C4244: “=”: 从“const int”转换到“float”，可能丢失数据
d:\study\slam\posetracking\posetracking\orbdetector.cpp(628): warning C4244: “初始化”: 从“int”转换到“float”，可能丢失数据
d:\study\slam\posetracking\posetracking\orbdetector.cpp(628): warning C4244: “初始化”: 从“int”转换到“const float”，可能丢失数据
d:\study\slam\posetracking\posetracking\orbdetector.cpp(638): warning C4244: “=”: 从“const int”转换到“float”，可能丢失数据
d:\study\slam\posetracking\posetracking\orbdetector.cpp(644): warning C4244: “参数”: 从“float”转换到“int”，可能丢失数据
d:\study\slam\posetracking\posetracking\orbdetector.cpp(644): warning C4244: “参数”: 从“const float”转换到“int”，可能丢失数据
d:\study\slam\posetracking\posetracking\orbdetector.cpp(653): warning C4244: “参数”: 从“float”转换到“int”，可能丢失数据
d:\study\slam\posetracking\posetracking\orbdetector.cpp(653): warning C4244: “参数”: 从“const float”转换到“int”，可能丢失数据
d:\study\slam\posetracking\posetracking\orbdetector.cpp(692): warning C4244: “初始化”: 从“_Ty”转换到“int”，可能丢失数据
          with
          [
              _Ty=float
          ]
d:\study\slam\posetracking\posetracking\orbdetector.cpp(692): warning C4244: “初始化”: 从“_Ty”转换到“const int”，可能丢失数据
          with
          [
              _Ty=float
          ]
d:\study\slam\posetracking\posetracking\orbdetector.cpp(695): warning C4267: “初始化”: 从“size_t”转换到“int”，可能丢失数据
d:\study\slam\posetracking\posetracking\orbdetector.cpp(695): warning C4267: “初始化”: 从“size_t”转换到“const int”，可能丢失数据
d:\study\slam\posetracking\posetracking\orbdetector.cpp(705): warning C4244: “=”: 从“const int”转换到“float”，可能丢失数据
d:\study\slam\posetracking\posetracking\orbdetector.cpp(806): warning C4244: “初始化”: 从“float”转换到“int”，可能丢失数据
d:\study\slam\posetracking\posetracking\orbdetector.cpp(806): warning C4244: “初始化”: 从“float”转换到“const int”，可能丢失数据
d:\study\slam\posetracking\posetracking\orbdetector.cpp(807): warning C4244: “初始化”: 从“float”转换到“int”，可能丢失数据
d:\study\slam\posetracking\posetracking\orbdetector.cpp(807): warning C4244: “初始化”: 从“float”转换到“const int”，可能丢失数据
d:\study\slam\posetracking\posetracking\orbdetector.cpp(889): warning C4244: “初始化”: 从“float”转换到“int”，可能丢失数据
d:\study\slam\posetracking\posetracking\orbdetector.cpp(912): warning C4244: “参数”: 从“float”转换到“_Tp”，可能丢失数据
          with
          [
              _Tp=int
          ]
d:\study\slam\posetracking\posetracking\orbdetector.cpp(913): warning C4244: “参数”: 从“float”转换到“_Tp”，可能丢失数据
          with
          [
              _Tp=int
          ]
d:\study\slam\posetracking\posetracking\orbdetector.cpp(933): warning C4244: “参数”: 从“_Tp”转换到“const unsigned __int64”，可能丢失数据
          with
          [
              _Tp=float
          ]
d:\study\slam\posetracking\posetracking\orbdetector.cpp(960): warning C4267: “初始化”: 从“size_t”转换到“int”，可能丢失数据
d:\study\slam\posetracking\posetracking\orbdetector.cpp(1080): warning C4267: “=”: 从“size_t”转换到“int”，可能丢失数据
d:\study\slam\posetracking\posetracking\orbdetector.cpp(1093): warning C4267: “初始化”: 从“size_t”转换到“int”，可能丢失数据
c:\software\install\vs2017\vc\tools\msvc\14.16.27023\include\utility(241): warning C4267: “初始化”: 从“size_t”转换到“_Ty1”，可能丢失数据
          with
          [
              _Ty1=int
          ]
  d:\study\slam\posetracking\posetracking\orbdetector.cpp(1007): note: 参见对正在编译的函数 模板 实例化“std::pair<int,PoseTracking::DetectorNode *>::pair<unsigned __int64,PoseTracking::DetectorNode*,0>(std::pair<unsigned __int64,PoseTracking::DetectorNode *> &&) noexcept”的引用
  d:\study\slam\posetracking\posetracking\orbdetector.cpp(1007): note: 参见对正在编译的函数 模板 实例化“std::pair<int,PoseTracking::DetectorNode *>::pair<unsigned __int64,PoseTracking::DetectorNode*,0>(std::pair<unsigned __int64,PoseTracking::DetectorNode *> &&) noexcept”的引用
  正在生成代码...
  PoseTracking.vcxproj -> D:\study\slam\PoseTracking\x64\Debug\PoseTracking.exe
